d:\stoneshard_pc\build\obj\buttonui.obj
d:\stoneshard_pc\build\obj\charbutton.obj
d:\stoneshard_pc\build\obj\invbutton.obj
d:\stoneshard_pc\build\obj\inventoryslot.obj
d:\stoneshard_pc\build\obj\item.obj
d:\stoneshard_pc\build\obj\main.obj
d:\stoneshard_pc\build\obj\modebutton.obj
d:\stoneshard_pc\build\obj\playerinv.obj
d:\stoneshard_pc\build\obj\questbutton.obj
d:\stoneshard_pc\build\obj\playermenu.obj
d:\stoneshard_pc\build\obj\settingbutton.obj
d:\stoneshard_pc\build\obj\skillbutton.obj
d:\stoneshard_pc\build\obj\skipbutton.obj
d:\stoneshard_pc\build\obj\vemmonster.obj
d:\stoneshard_pc\build\obj\mapobject.obj
d:\stoneshard_pc\build\obj\startscene.obj
d:\stoneshard_pc\build\obj\verrenplayer.obj
d:\stoneshard_pc\build\obj\stoneshard.ilk
d:\stoneshard_pc\build\obj\vc142.idb
d:\stoneshard_pc\build\obj\vc142.pdb
