C:\Program Files (x86)\Microsoft Visual Studio\2019\Community\MSBuild\Microsoft\VC\v160\Microsoft.CppBuild.targets(513,5): warning MSB8028: 중간 디렉터리(D:\StoneShard_PC\\Build\Obj\)에 다른 프로젝트(StoneShard.vcxproj)에서 공유하는 파일이 포함되어 있습니다.  이로 인해 잘못된 정리 및 다시 빌드 동작이 수행될 수 있습니다.
  Bullet.cpp
  Character.cpp
  Cookie.cpp
  Jelly.cpp
  Main.cpp
  TitanBoss.cpp
  TitanPlayer.cpp
  TitanScene.cpp
D:\StoneShard_PC\Game1\TitanPlayer.cpp(10,27): error C2039: 'imageWidth': 'ObImage'의 멤버가 아닙니다.
D:\StoneShard_PC\2DFrameWork\ObImage.h(11): message : 'ObImage' 선언을 참조하십시오.
D:\StoneShard_PC\Game1\TitanPlayer.cpp(11,27): error C2039: 'imageHeight': 'ObImage'의 멤버가 아닙니다.
D:\StoneShard_PC\2DFrameWork\ObImage.h(11): message : 'ObImage' 선언을 참조하십시오.
D:\StoneShard_PC\Game1\TitanPlayer.cpp(14,28): error C2039: 'imageWidth': 'ObImage'의 멤버가 아닙니다.
D:\StoneShard_PC\2DFrameWork\ObImage.h(11): message : 'ObImage' 선언을 참조하십시오.
D:\StoneShard_PC\Game1\TitanPlayer.cpp(15,28): error C2039: 'imageHeight': 'ObImage'의 멤버가 아닙니다.
D:\StoneShard_PC\2DFrameWork\ObImage.h(11): message : 'ObImage' 선언을 참조하십시오.
D:\StoneShard_PC\Game1\TitanPlayer.cpp(19,28): error C2039: 'imageWidth': 'ObImage'의 멤버가 아닙니다.
D:\StoneShard_PC\2DFrameWork\ObImage.h(11): message : 'ObImage' 선언을 참조하십시오.
D:\StoneShard_PC\Game1\TitanPlayer.cpp(20,28): error C2039: 'imageHeight': 'ObImage'의 멤버가 아닙니다.
D:\StoneShard_PC\2DFrameWork\ObImage.h(11): message : 'ObImage' 선언을 참조하십시오.
D:\StoneShard_PC\Game1\TitanBoss.cpp(8,31): error C2039: 'imageWidth': 'ObImage'의 멤버가 아닙니다.
D:\StoneShard_PC\2DFrameWork\ObImage.h(11): message : 'ObImage' 선언을 참조하십시오.
D:\StoneShard_PC\Game1\TitanBoss.cpp(8,48): error C2039: 'imageHeight': 'ObImage'의 멤버가 아닙니다.
D:\StoneShard_PC\2DFrameWork\ObImage.h(11): message : 'ObImage' 선언을 참조하십시오.
D:\StoneShard_PC\Game1\TitanBoss.cpp(11,31): error C2039: 'imageWidth': 'ObImage'의 멤버가 아닙니다.
D:\StoneShard_PC\2DFrameWork\ObImage.h(11): message : 'ObImage' 선언을 참조하십시오.
D:\StoneShard_PC\Game1\TitanBoss.cpp(11,48): error C2039: 'imageHeight': 'ObImage'의 멤버가 아닙니다.
D:\StoneShard_PC\2DFrameWork\ObImage.h(11): message : 'ObImage' 선언을 참조하십시오.
D:\StoneShard_PC\Game1\TitanBoss.cpp(13,23): warning C4244: '=': 'float'에서 'int'(으)로 변환하면서 데이터가 손실될 수 있습니다.
D:\StoneShard_PC\Game1\TitanBoss.cpp(155,35): error C2039: 'imageWidth': 'ObImage'의 멤버가 아닙니다.
D:\StoneShard_PC\2DFrameWork\ObImage.h(11): message : 'ObImage' 선언을 참조하십시오.
D:\StoneShard_PC\Game1\TitanBoss.cpp(155,52): error C2039: 'imageHeight': 'ObImage'의 멤버가 아닙니다.
D:\StoneShard_PC\2DFrameWork\ObImage.h(11): message : 'ObImage' 선언을 참조하십시오.
