  ButtonUI.cpp
  CharButton.cpp
  InvButton.cpp
  InventorySlot.cpp
  Item.cpp
  Main.cpp
  MapObject.cpp
  ModeButton.cpp
  PlayerInv.cpp
  PlayerMenu.cpp
  QuestButton.cpp
  SettingButton.cpp
  SkillButton.cpp
  SkipButton.cpp
  StartScene.cpp
  VemMonster.cpp
D:\GitHub\StoneShard\StoneShard\VemMonster.cpp(105,58): warning C4244: '인수': 'float'에서 'int'(으)로 변환하면서 데이터가 손실될 수 있습니다.
D:\GitHub\StoneShard\StoneShard\VemMonster.cpp(105,44): warning C4244: '인수': 'float'에서 'int'(으)로 변환하면서 데이터가 손실될 수 있습니다.
  VerrenPlayer.cpp
D:\GitHub\StoneShard\StoneShard\VerrenPlayer.cpp(174,54): warning C4244: '인수': 'float'에서 'int'(으)로 변환하면서 데이터가 손실될 수 있습니다.
D:\GitHub\StoneShard\StoneShard\VerrenPlayer.cpp(174,41): warning C4244: '인수': 'float'에서 'int'(으)로 변환하면서 데이터가 손실될 수 있습니다.
     D:\GitHub\StoneShard\\Build\StoneShard.lib 라이브러리 및 D:\GitHub\StoneShard\\Build\StoneShard.exp 개체를 생성하고 있습니다.
  StoneShard.vcxproj -> D:\GitHub\StoneShard\Build\StoneShard.exe
