d:\stoneshard_pc\build\stoneshard.exe
d:\stoneshard_pc\build\obj\stoneshard.ilk
d:\stoneshard_pc\build\stoneshard.pdb
e:\stoneshard_pc\build\stoneshard.lib
e:\stoneshard_pc\build\stoneshard.exp
d:\stoneshard_pc\build\stoneshard.lib
d:\stoneshard_pc\build\stoneshard.exp
d:\stoneshard_pc\build\obj\charbutton.obj
d:\stoneshard_pc\build\obj\main.obj
d:\stoneshard_pc\build\obj\playerinv.obj
d:\stoneshard_pc\build\obj\skipbutton.obj
d:\stoneshard_pc\build\obj\invbutton.obj
d:\stoneshard_pc\build\obj\item.obj
d:\stoneshard_pc\build\obj\questbutton.obj
d:\stoneshard_pc\build\obj\startscene.obj
d:\stoneshard_pc\build\obj\buttonui.obj
d:\stoneshard_pc\build\obj\modebutton.obj
d:\stoneshard_pc\build\obj\settingbutton.obj
d:\stoneshard_pc\build\obj\vemmonster.obj
d:\stoneshard_pc\build\obj\inventoryslot.obj
d:\stoneshard_pc\build\obj\mapobject.obj
d:\stoneshard_pc\build\obj\playermenu.obj
d:\stoneshard_pc\build\obj\skillbutton.obj
d:\stoneshard_pc\build\obj\vc142.pdb
d:\stoneshard_pc\build\obj\vc142.idb
d:\stoneshard_pc\build\obj\verrenplayer.obj
d:\stoneshard_pc\\build\stoneshard.pdb
d:\stoneshard_pc\build\obj\stoneshard.tlog\link.delete.1.tlog
d:\stoneshard_pc\build\obj\stoneshard.tlog\cl.read.1.tlog
d:\stoneshard_pc\build\obj\stoneshard.tlog\cl.command.1.tlog
d:\stoneshard_pc\build\obj\stoneshard.tlog\link.read.1.tlog
d:\stoneshard_pc\build\obj\stoneshard.tlog\link.write.1.tlog
d:\stoneshard_pc\build\obj\stoneshard.tlog\link.command.1.tlog
d:\stoneshard_pc\build\obj\stoneshard.tlog\stoneshard.write.1u.tlog
d:\stoneshard_pc\build\obj\stoneshard.tlog\cl.write.1.tlog
